2020-05-07 17:55:53: [ 'D:\\dist\\models\\*{.ts,.js}' ]
2020-05-07 17:55:53: [ 'D:\\dist\\models\\*{.ts,.js}' ]
2020-05-07 17:55:53: app started at port 3000...
2020-05-07 17:55:53: production
2020-05-07 17:55:55: [ 'D:\\dist\\models\\*{.ts,.js}' ]
2020-05-07 17:55:55: [ 'D:\\dist\\models\\*{.ts,.js}' ]
2020-05-07 17:55:55: app started at port 3000...
2020-05-07 17:55:55: production
2020-05-07 17:55:57: [ 'D:\\dist\\models\\*{.ts,.js}' ]
2020-05-07 17:55:57: [ 'D:\\dist\\models\\*{.ts,.js}' ]
2020-05-07 17:55:57: app started at port 3000...
2020-05-07 17:55:57: production
2020-05-07 17:56:13: [ 'D:\\dist\\models\\*{.ts,.js}' ]
2020-05-07 17:56:13: [ 'D:\\dist\\models\\*{.ts,.js}' ]
2020-05-07 17:56:13: app started at port 3000...
2020-05-07 17:56:13: production
2020-05-07 17:56:16: [ 'D:\\dist\\models\\*{.ts,.js}' ]
2020-05-07 17:56:16: [ 'D:\\dist\\models\\*{.ts,.js}' ]
2020-05-07 17:56:16: app started at port 3000...
2020-05-07 17:56:16: production
2020-05-07 17:56:23: [ 'D:\\dist\\models\\*{.ts,.js}' ]
2020-05-07 17:56:23: [ 'D:\\dist\\models\\*{.ts,.js}' ]
2020-05-07 17:56:23: app started at port 3000...
2020-05-07 17:56:23: production
2020-05-07 17:56:37: config.entities=> [ 'D:\\dist\\models\\*{.ts,.js}' ]
2020-05-07 17:56:37: this.entities=> [ 'D:\\dist\\models\\*{.ts,.js}' ]
2020-05-07 17:56:37: app started at port 3000...
2020-05-07 17:56:37: production
2020-05-07 17:57:19: config.entities=> [ 'D:\\dist\\models\\*{.ts,.js}' ]
2020-05-07 17:57:19: this.entities=> [ 'D:\\dist\\models\\*{.ts,.js}' ]
2020-05-07 17:57:19: app started at port 3000...
2020-05-07 17:57:19: production
2020-05-07 17:57:20: config.entities=> [ 'D:\\dist\\models\\*{.ts,.js}' ]
2020-05-07 17:57:20: this.entities=> [ 'D:\\dist\\models\\*{.ts,.js}' ]
2020-05-07 17:57:20: app started at port 3000...
2020-05-07 17:57:20: production
2020-05-07 17:57:23: config.entities=> [ 'D:\\dist\\models\\*{.ts,.js}' ]
2020-05-07 17:57:23: this.entities=> [ 'D:\\dist\\models\\*{.ts,.js}' ]
2020-05-07 17:57:23: app started at port 3000...
2020-05-07 17:57:23: production
2020-05-07 17:57:28: config.entities=> [ 'D:\\dist\\models\\*{.ts,.js}' ]
2020-05-07 17:57:28: this.entities=> [ 'D:\\dist\\models\\*{.ts,.js}' ]
2020-05-07 17:57:28: app started at port 3000...
2020-05-07 17:57:28: production
2020-05-07 17:57:46: config.entities=> [ 'D:\\dist\\models\\*{.ts,.js}' ]
2020-05-07 17:57:46: this.entities=> [ 'D:\\dist\\models\\*{.ts,.js}' ]
2020-05-07 17:57:46: app started at port 3000...
2020-05-07 17:57:46: production
2020-05-07 17:58:01: config.entities=> [ 'D:\\dist\\models\\*{.ts,.js}' ]
2020-05-07 17:58:01: this.entities=> [ 'D:\\dist\\models\\*{.ts,.js}' ]
2020-05-07 17:58:01: app started at port 3000...
2020-05-07 17:58:01: production
2020-05-07 17:58:03: config.entities=> [ 'D:\\dist\\models\\*{.ts,.js}' ]
2020-05-07 17:58:03: this.entities=> [ 'D:\\dist\\models\\*{.ts,.js}' ]
2020-05-07 17:58:03: app started at port 3000...
2020-05-07 17:58:03: production
2020-05-07 17:58:08: config.entities=> [ 'D:\\dist\\models\\*{.ts,.js}' ]
2020-05-07 17:58:08: this.entities=> [ 'D:\\dist\\models\\*{.ts,.js}' ]
2020-05-07 17:58:09: app started at port 3000...
2020-05-07 17:58:09: production
2020-05-07 17:58:10: config.entities=> [ 'D:\\dist\\models\\*{.ts,.js}' ]
2020-05-07 17:58:10: this.entities=> [ 'D:\\dist\\models\\*{.ts,.js}' ]
2020-05-07 17:58:10: app started at port 3000...
2020-05-07 17:58:10: production
2020-05-07 17:58:24: config.entities=> [ 'D:\\dist\\models\\*{.ts,.js}' ]
2020-05-07 17:58:24: this.entities=> [ 'D:\\dist\\models\\*{.ts,.js}' ]
2020-05-07 17:58:24: app started at port 3000...
2020-05-07 17:58:24: production
2020-05-07 17:58:29: config.entities=> [ 'D:\\dist\\models\\*{.ts,.js}' ]
2020-05-07 17:58:29: this.entities=> [ 'D:\\dist\\models\\*{.ts,.js}' ]
2020-05-07 17:58:29: app started at port 3000...
2020-05-07 17:58:29: production
2020-05-07 17:58:33: config.entities=> [ 'D:\\dist\\models\\*{.ts,.js}' ]
2020-05-07 17:58:33: this.entities=> [ 'D:\\dist\\models\\*{.ts,.js}' ]
2020-05-07 17:58:33: app started at port 3000...
2020-05-07 17:58:33: production
2020-05-07 17:58:37: config.entities=> [ 'D:\\dist\\models\\*{.ts,.js}' ]
2020-05-07 17:58:37: this.entities=> [ 'D:\\dist\\models\\*{.ts,.js}' ]
2020-05-07 17:58:37: app started at port 3000...
2020-05-07 17:58:37: production
2020-05-07 17:58:43: config.entities=> [ 'D:\\shixin\\Big-Monster\\source\\node-typescript\\dist\\config\\dist\\models\\*{.ts,.js}' ]
2020-05-07 17:58:43: this.entities=> [ 'D:\\shixin\\Big-Monster\\source\\node-typescript\\dist\\config\\dist\\models\\*{.ts,.js}' ]
2020-05-07 17:58:43: app started at port 3000...
2020-05-07 17:58:43: production
2020-05-07 17:59:11: config.entities=> [ 'D:\\shixin\\Big-Monster\\source\\node-typescript\\dist\\config\\dist\\models\\*{.ts,.js}' ]
2020-05-07 17:59:11: this.entities=> [ 'D:\\shixin\\Big-Monster\\source\\node-typescript\\dist\\config\\dist\\models\\*{.ts,.js}' ]
2020-05-07 17:59:11: app started at port 3000...
2020-05-07 17:59:11: production
2020-05-07 17:59:14: config.entities=> [ 'D:\\shixin\\Big-Monster\\source\\node-typescript\\dist\\config\\dist\\models\\*{.ts,.js}' ]
2020-05-07 17:59:14: this.entities=> [ 'D:\\shixin\\Big-Monster\\source\\node-typescript\\dist\\config\\dist\\models\\*{.ts,.js}' ]
2020-05-07 17:59:14: app started at port 3000...
2020-05-07 17:59:14: production
2020-05-07 17:59:20: config.entities=> [ 'D:\\shixin\\Big-Monster\\source\\node-typescript\\dist\\models\\*{.ts,.js}' ]
2020-05-07 17:59:20: this.entities=> [ 'D:\\shixin\\Big-Monster\\source\\node-typescript\\dist\\models\\*{.ts,.js}' ]
2020-05-07 17:59:20: app started at port 3000...
2020-05-07 17:59:20: production
2020-05-07 17:59:54: config.entities=> [ 'D:\\shixin\\Big-Monster\\source\\node-typescript\\dist\\models\\*{.ts,.js}' ]
2020-05-07 17:59:54: this.entities=> [ 'D:\\shixin\\Big-Monster\\source\\node-typescript\\dist\\models\\*{.ts,.js}' ]
2020-05-07 17:59:54: app started at port 3000...
2020-05-07 17:59:54: production
2020-05-07 18:00:00: config.entities=> [ 'D:\\shixin\\Big-Monster\\source\\node-typescript\\dist\\config\\dist\\models\\*{.ts,.js}' ]
2020-05-07 18:00:00: this.entities=> [ 'D:\\shixin\\Big-Monster\\source\\node-typescript\\dist\\config\\dist\\models\\*{.ts,.js}' ]
2020-05-07 18:00:00: app started at port 3000...
2020-05-07 18:00:00: production
2020-05-07 18:00:27: config.entities=> [ 'D:\\shixin\\Big-Monster\\source\\node-typescript\\dist\\config\\dist\\models\\*{.ts,.js}' ]
2020-05-07 18:00:27: this.entities=> [ 'D:\\shixin\\Big-Monster\\source\\node-typescript\\dist\\config\\dist\\models\\*{.ts,.js}' ]
2020-05-07 18:00:27: app started at port 3000...
2020-05-07 18:00:27: production
2020-05-07 18:00:57: config.entities=> [ 'D:\\shixin\\Big-Monster\\source\\node-typescript\\dist\\config\\dist\\models\\*{.ts,.js}' ]
2020-05-07 18:00:57: this.entities=> [ 'D:\\shixin\\Big-Monster\\source\\node-typescript\\dist\\config\\dist\\models\\*{.ts,.js}' ]
2020-05-07 18:00:57: app started at port 3000...
2020-05-07 18:00:57: production
2020-05-07 18:01:00: config.entities=> [ 'D:\\shixin\\Big-Monster\\source\\node-typescript\\dist\\config\\dist\\models\\*{.ts,.js}' ]
2020-05-07 18:01:00: this.entities=> [ 'D:\\shixin\\Big-Monster\\source\\node-typescript\\dist\\config\\dist\\models\\*{.ts,.js}' ]
2020-05-07 18:01:00: app started at port 3000...
2020-05-07 18:01:00: production
2020-05-07 18:01:02: config.entities=> [ 'D:\\shixin\\Big-Monster\\source\\node-typescript\\dist\\config\\dist\\models\\*{.ts,.js}' ]
2020-05-07 18:01:02: this.entities=> [ 'D:\\shixin\\Big-Monster\\source\\node-typescript\\dist\\config\\dist\\models\\*{.ts,.js}' ]
2020-05-07 18:01:02: app started at port 3000...
2020-05-07 18:01:02: production
2020-05-07 18:01:08: config.entities=> [ 'D:\\shixin\\Big-Monster\\source\\node-typescript\\dist\\config\\dist\\models\\*{.ts,.js}' ]
2020-05-07 18:01:08: this.entities=> [ 'D:\\shixin\\Big-Monster\\source\\node-typescript\\dist\\config\\dist\\models\\*{.ts,.js}' ]
2020-05-07 18:01:08: app started at port 3000...
2020-05-07 18:01:08: production
2020-05-07 18:01:11: config.entities=> [ 'D:\\shixin\\Big-Monster\\source\\node-typescript\\dist\\config\\dist\\models\\*{.ts,.js}' ]
2020-05-07 18:01:11: this.entities=> [ 'D:\\shixin\\Big-Monster\\source\\node-typescript\\dist\\config\\dist\\models\\*{.ts,.js}' ]
2020-05-07 18:01:11: app started at port 3000...
2020-05-07 18:01:11: production
2020-05-07 18:01:20: config.entities=> [ 'D:\\shixin\\Big-Monster\\source\\node-typescript\\dist\\config\\dist\\models\\*{.ts,.js}' ]
2020-05-07 18:01:20: this.entities=> [ 'D:\\shixin\\Big-Monster\\source\\node-typescript\\dist\\config\\dist\\models\\*{.ts,.js}' ]
2020-05-07 18:01:20: app started at port 3000...
2020-05-07 18:01:20: production
2020-05-07 18:01:27: config.entities=> [ 'D:\\shixin\\Big-Monster\\source\\node-typescript\\dist\\models\\*{.ts,.js}' ]
2020-05-07 18:01:27: this.entities=> [ 'D:\\shixin\\Big-Monster\\source\\node-typescript\\dist\\models\\*{.ts,.js}' ]
2020-05-07 18:01:27: app started at port 3000...
2020-05-07 18:01:27: production
2020-05-07 18:02:05: config.entities=> [ 'D:\\shixin\\Big-Monster\\source\\node-typescript\\dist\\models\\*{.ts,.js}' ]
2020-05-07 18:02:05: this.entities=> [ 'D:\\shixin\\Big-Monster\\source\\node-typescript\\dist\\models\\*{.ts,.js}' ]
2020-05-07 18:02:05: app started at port 3000...
2020-05-07 18:02:05: production
2020-05-07 18:02:07: config.entities=> [ 'D:\\shixin\\Big-Monster\\source\\node-typescript\\dist\\models\\*{.ts,.js}' ]
2020-05-07 18:02:07: this.entities=> [ 'D:\\shixin\\Big-Monster\\source\\node-typescript\\dist\\models\\*{.ts,.js}' ]
2020-05-07 18:02:07: app started at port 3000...
2020-05-07 18:02:07: production
2020-05-07 18:02:28: config.entities=> [ 'D:\\shixin\\Big-Monster\\source\\node-typescript\\dist\\models\\*{.ts,.js}' ]
2020-05-07 18:02:28: this.entities=> [ 'D:\\shixin\\Big-Monster\\source\\node-typescript\\dist\\models\\*{.ts,.js}' ]
2020-05-07 18:02:28: app started at port 3000...
2020-05-07 18:02:28: production
2020-05-07 18:03:45: config.entities=> [ 'D:\\shixin\\Big-Monster\\source\\node-typescript\\dist\\models\\*{.ts,.js}' ]
2020-05-07 18:03:45: this.entities=> [ 'D:\\shixin\\Big-Monster\\source\\node-typescript\\dist\\models\\*{.ts,.js}' ]
2020-05-07 18:03:45: app started at port 3000...
2020-05-07 18:03:45: production
2020-05-07 18:04:32: config.entities=> [ 'D:\\shixin\\Big-Monster\\source\\node-typescript\\dist\\models\\*{.ts,.js}' ]
2020-05-07 18:04:32: this.entities=> [ 'D:\\shixin\\Big-Monster\\source\\node-typescript\\dist\\models\\*{.ts,.js}' ]
2020-05-07 18:04:32: app started at port 3000...
2020-05-07 18:04:32: production
2020-05-07 18:04:42: config.entities=> [ 'D:\\shixin\\Big-Monster\\source\\node-typescript\\dist\\models\\*{.ts,.js}' ]
2020-05-07 18:04:42: this.entities=> [ 'D:\\shixin\\Big-Monster\\source\\node-typescript\\dist\\models\\*{.ts,.js}' ]
2020-05-07 18:04:42: app started at port 3000...
2020-05-07 18:04:42: production
2020-05-07 18:04:45: config.entities=> [ 'D:\\shixin\\Big-Monster\\source\\node-typescript\\dist\\models\\*{.ts,.js}' ]
2020-05-07 18:04:45: this.entities=> [ 'D:\\shixin\\Big-Monster\\source\\node-typescript\\dist\\models\\*{.ts,.js}' ]
2020-05-07 18:04:45: app started at port 3000...
2020-05-07 18:04:45: production
2020-05-07 18:07:20: config.entities=> [ 'D:\\shixin\\Big-Monster\\source\\node-typescript\\dist\\models\\*{.ts,.js}' ]
2020-05-07 18:07:20: this.entities=> [ 'D:\\shixin\\Big-Monster\\source\\node-typescript\\dist\\models\\*{.ts,.js}' ]
2020-05-07 18:07:20: app started at port 3000...
2020-05-07 18:07:20: production
2020-05-07 18:30:17: config.entities=> [ 'D:\\shixin\\Big-Monster\\source\\node-typescript\\dist\\models\\*{.ts,.js}' ]
2020-05-07 18:30:17: this.entities=> [ 'D:\\shixin\\Big-Monster\\source\\node-typescript\\dist\\models\\*{.ts,.js}' ]
2020-05-07 18:30:17: app started at port 3000...
2020-05-07 18:30:17: production
2020-05-07 18:35:08: config.entities=> [ 'D:\\shixin\\Big-Monster\\source\\node-typescript\\dist\\models\\*{.ts,.js}' ]
2020-05-07 18:35:08: this.entities=> [ 'D:\\shixin\\Big-Monster\\source\\node-typescript\\dist\\models\\*{.ts,.js}' ]
2020-05-07 18:35:08: app started at port 3000...
2020-05-07 18:35:08: production
2020-05-07 18:37:10: app started at port 3000...
2020-05-07 18:37:10: production
2020-05-07 18:37:12: app started at port 3000...
2020-05-07 18:37:12: production
2020-05-07 20:05:45: app started at port 3000...
2020-05-07 20:05:45: production
2020-05-07 20:11:19: app started at port 3000...
2020-05-07 20:11:19: production
2020-05-07 20:14:53: app started at port 3000...
2020-05-07 20:14:53: production
2020-05-07 20:14:55: app started at port 3000...
2020-05-07 20:14:55: production
2020-05-07 20:14:58: app started at port 3000...
2020-05-07 20:14:58: production
2020-05-07 20:15:02: app started at port 3000...
2020-05-07 20:15:02: production
2020-05-07 20:15:21: app started at port 3000...
2020-05-07 20:15:21: production
2020-05-07 20:17:32: app started at port 3000...
2020-05-07 20:17:32: production
2020-05-07 20:17:38: app started at port 3000...
2020-05-07 20:17:38: production
2020-05-07 20:18:17: app started at port 3000...
2020-05-07 20:18:17: production
2020-05-07 20:18:18: app started at port 3000...
2020-05-07 20:18:18: production
2020-05-07 20:18:22: app started at port 3000...
2020-05-07 20:18:22: production
2020-05-07 20:18:23: app started at port 3000...
2020-05-07 20:18:23: production
2020-05-07 20:18:33: app started at port 3000...
2020-05-07 20:18:33: production
2020-05-07 20:18:50: app started at port 3000...
2020-05-07 20:18:50: production
